  [1m[36m (5.1ms)[0m  [1mCREATE TABLE "schema_migrations" ("version" varchar NOT NULL) [0m
  [1m[35m (0.4ms)[0m  select sqlite_version(*)
  [1m[36m (0.9ms)[0m  [1mCREATE UNIQUE INDEX "unique_schema_migrations" ON "schema_migrations" ("version")[0m
  [1m[35mActiveRecord::SchemaMigration Load (0.1ms)[0m  SELECT "schema_migrations".* FROM "schema_migrations"
Migrating to CreateCats (20150106185735)
  [1m[36m (0.1ms)[0m  [1mbegin transaction[0m
  [1m[35m (0.3ms)[0m  CREATE TABLE "cats" ("id" INTEGER PRIMARY KEY AUTOINCREMENT NOT NULL, "birth_date" date NOT NULL, "color" varchar NOT NULL, "name" varchar NOT NULL, "sex" varchar NOT NULL, "description" text, "created_at" datetime NOT NULL, "updated_at" datetime NOT NULL) 
  [1m[36mSQL (0.2ms)[0m  [1mINSERT INTO "schema_migrations" ("version") VALUES (?)[0m  [["version", "20150106185735"]]
  [1m[35m (0.8ms)[0m  commit transaction
Migrating to CreateCatRentalRequests (20150106214417)
  [1m[36m (0.1ms)[0m  [1mbegin transaction[0m
  [1m[35m (0.3ms)[0m  CREATE TABLE "cat_rental_requests" ("id" INTEGER PRIMARY KEY AUTOINCREMENT NOT NULL, "cat_id" integer, "start_date" date NOT NULL, "end_date" date NOT NULL, "status" varchar DEFAULT 'PENDING' NOT NULL, "created_at" datetime NOT NULL, "updated_at" datetime NOT NULL) 
  [1m[36m (0.1ms)[0m  [1mCREATE  INDEX "index_cat_rental_requests_on_cat_id" ON "cat_rental_requests" ("cat_id")[0m
  [1m[35mSQL (0.2ms)[0m  INSERT INTO "schema_migrations" ("version") VALUES (?)  [["version", "20150106214417"]]
  [1m[36m (0.8ms)[0m  [1mcommit transaction[0m
Migrating to AddImageUrlToCat (20150107012247)
  [1m[35m (0.1ms)[0m  begin transaction
  [1m[36m (0.4ms)[0m  [1mALTER TABLE "cats" ADD "image_url" varchar NOT NULL[0m
SQLite3::SQLException: Cannot add a NOT NULL column with default value NULL: ALTER TABLE "cats" ADD "image_url" varchar NOT NULL
  [1m[35m (0.1ms)[0m  rollback transaction
  [1m[36m (8.7ms)[0m  [1mCREATE TABLE "schema_migrations" ("version" varchar NOT NULL) [0m
  [1m[35m (0.1ms)[0m  select sqlite_version(*)
  [1m[36m (0.9ms)[0m  [1mCREATE UNIQUE INDEX "unique_schema_migrations" ON "schema_migrations" ("version")[0m
  [1m[35mActiveRecord::SchemaMigration Load (0.1ms)[0m  SELECT "schema_migrations".* FROM "schema_migrations"
Migrating to CreateCats (20150106185735)
  [1m[36m (0.1ms)[0m  [1mbegin transaction[0m
  [1m[35m (2.0ms)[0m  CREATE TABLE "cats" ("id" INTEGER PRIMARY KEY AUTOINCREMENT NOT NULL, "birth_date" date NOT NULL, "color" varchar NOT NULL, "name" varchar NOT NULL, "sex" varchar NOT NULL, "description" text, "created_at" datetime NOT NULL, "updated_at" datetime NOT NULL) 
  [1m[36mSQL (0.3ms)[0m  [1mINSERT INTO "schema_migrations" ("version") VALUES (?)[0m  [["version", "20150106185735"]]
  [1m[35m (0.9ms)[0m  commit transaction
Migrating to CreateCatRentalRequests (20150106214417)
  [1m[36m (0.1ms)[0m  [1mbegin transaction[0m
  [1m[35m (0.5ms)[0m  CREATE TABLE "cat_rental_requests" ("id" INTEGER PRIMARY KEY AUTOINCREMENT NOT NULL, "cat_id" integer, "start_date" date NOT NULL, "end_date" date NOT NULL, "status" varchar DEFAULT 'PENDING' NOT NULL, "created_at" datetime NOT NULL, "updated_at" datetime NOT NULL) 
  [1m[36m (0.6ms)[0m  [1mCREATE  INDEX "index_cat_rental_requests_on_cat_id" ON "cat_rental_requests" ("cat_id")[0m
  [1m[35mSQL (0.1ms)[0m  INSERT INTO "schema_migrations" ("version") VALUES (?)  [["version", "20150106214417"]]
  [1m[36m (0.7ms)[0m  [1mcommit transaction[0m
Migrating to AddImageUrlToCat (20150107012247)
  [1m[35m (0.1ms)[0m  begin transaction
  [1m[36m (0.9ms)[0m  [1mALTER TABLE "cats" ADD "image_url" varchar NOT NULL[0m
SQLite3::SQLException: Cannot add a NOT NULL column with default value NULL: ALTER TABLE "cats" ADD "image_url" varchar NOT NULL
  [1m[35m (0.2ms)[0m  rollback transaction
  [1m[36mActiveRecord::SchemaMigration Load (0.2ms)[0m  [1mSELECT "schema_migrations".* FROM "schema_migrations"[0m
  [1m[35mActiveRecord::SchemaMigration Load (0.1ms)[0m  SELECT "schema_migrations".* FROM "schema_migrations"
  [1m[36m (0.1ms)[0m  [1m            SELECT sql
            FROM sqlite_master
            WHERE name='index_cat_rental_requests_on_cat_id' AND type='index'
            UNION ALL
            SELECT sql
            FROM sqlite_temp_master
            WHERE name='index_cat_rental_requests_on_cat_id' AND type='index'
[0m
  [1m[36m (10.3ms)[0m  [1mCREATE TABLE "schema_migrations" ("version" varchar NOT NULL) [0m
  [1m[35m (0.1ms)[0m  select sqlite_version(*)
  [1m[36m (1.0ms)[0m  [1mCREATE UNIQUE INDEX "unique_schema_migrations" ON "schema_migrations" ("version")[0m
  [1m[35mActiveRecord::SchemaMigration Load (0.8ms)[0m  SELECT "schema_migrations".* FROM "schema_migrations"
Migrating to CreateCats (20150106185735)
  [1m[36m (0.1ms)[0m  [1mbegin transaction[0m
  [1m[35m (1.2ms)[0m  CREATE TABLE "cats" ("id" INTEGER PRIMARY KEY AUTOINCREMENT NOT NULL, "birth_date" date NOT NULL, "color" varchar NOT NULL, "name" varchar NOT NULL, "sex" varchar NOT NULL, "description" text, "created_at" datetime NOT NULL, "updated_at" datetime NOT NULL) 
  [1m[36mSQL (0.2ms)[0m  [1mINSERT INTO "schema_migrations" ("version") VALUES (?)[0m  [["version", "20150106185735"]]
  [1m[35m (0.9ms)[0m  commit transaction
Migrating to CreateCatRentalRequests (20150106214417)
  [1m[36m (0.2ms)[0m  [1mbegin transaction[0m
  [1m[35m (0.5ms)[0m  CREATE TABLE "cat_rental_requests" ("id" INTEGER PRIMARY KEY AUTOINCREMENT NOT NULL, "cat_id" integer, "start_date" date NOT NULL, "end_date" date NOT NULL, "status" varchar DEFAULT 'PENDING' NOT NULL, "image_url" varchar NOT NULL, "created_at" datetime NOT NULL, "updated_at" datetime NOT NULL) 
  [1m[36m (0.2ms)[0m  [1mCREATE  INDEX "index_cat_rental_requests_on_cat_id" ON "cat_rental_requests" ("cat_id")[0m
  [1m[35mSQL (0.6ms)[0m  INSERT INTO "schema_migrations" ("version") VALUES (?)  [["version", "20150106214417"]]
  [1m[36m (2.8ms)[0m  [1mcommit transaction[0m
  [1m[35mActiveRecord::SchemaMigration Load (0.2ms)[0m  SELECT "schema_migrations".* FROM "schema_migrations"
  [1m[36m (0.2ms)[0m  [1m            SELECT sql
            FROM sqlite_master
            WHERE name='index_cat_rental_requests_on_cat_id' AND type='index'
            UNION ALL
            SELECT sql
            FROM sqlite_temp_master
            WHERE name='index_cat_rental_requests_on_cat_id' AND type='index'
[0m
  [1m[36m (9.1ms)[0m  [1mCREATE TABLE "schema_migrations" ("version" varchar NOT NULL) [0m
  [1m[35m (0.2ms)[0m  select sqlite_version(*)
  [1m[36m (1.6ms)[0m  [1mCREATE UNIQUE INDEX "unique_schema_migrations" ON "schema_migrations" ("version")[0m
  [1m[35mActiveRecord::SchemaMigration Load (0.2ms)[0m  SELECT "schema_migrations".* FROM "schema_migrations"
Migrating to CreateCats (20150106185735)
  [1m[36m (0.2ms)[0m  [1mbegin transaction[0m
  [1m[35m (0.7ms)[0m  CREATE TABLE "cats" ("id" INTEGER PRIMARY KEY AUTOINCREMENT NOT NULL, "birth_date" date NOT NULL, "color" varchar NOT NULL, "name" varchar NOT NULL, "sex" varchar NOT NULL, "image_url" varchar NOT NULL, "description" text, "created_at" datetime NOT NULL, "updated_at" datetime NOT NULL) 
  [1m[36mSQL (0.2ms)[0m  [1mINSERT INTO "schema_migrations" ("version") VALUES (?)[0m  [["version", "20150106185735"]]
  [1m[35m (1.0ms)[0m  commit transaction
Migrating to CreateCatRentalRequests (20150106214417)
  [1m[36m (0.2ms)[0m  [1mbegin transaction[0m
  [1m[35m (0.6ms)[0m  CREATE TABLE "cat_rental_requests" ("id" INTEGER PRIMARY KEY AUTOINCREMENT NOT NULL, "cat_id" integer, "start_date" date NOT NULL, "end_date" date NOT NULL, "status" varchar DEFAULT 'PENDING' NOT NULL, "created_at" datetime NOT NULL, "updated_at" datetime NOT NULL) 
  [1m[36m (0.2ms)[0m  [1mCREATE  INDEX "index_cat_rental_requests_on_cat_id" ON "cat_rental_requests" ("cat_id")[0m
  [1m[35mSQL (0.1ms)[0m  INSERT INTO "schema_migrations" ("version") VALUES (?)  [["version", "20150106214417"]]
  [1m[36m (1.8ms)[0m  [1mcommit transaction[0m
  [1m[35mActiveRecord::SchemaMigration Load (0.2ms)[0m  SELECT "schema_migrations".* FROM "schema_migrations"
  [1m[36m (0.2ms)[0m  [1m            SELECT sql
            FROM sqlite_master
            WHERE name='index_cat_rental_requests_on_cat_id' AND type='index'
            UNION ALL
            SELECT sql
            FROM sqlite_temp_master
            WHERE name='index_cat_rental_requests_on_cat_id' AND type='index'
[0m


Started GET "/" for ::1 at 2015-01-06 19:56:29 -0800
  [1m[36mActiveRecord::SchemaMigration Load (0.2ms)[0m  [1mSELECT "schema_migrations".* FROM "schema_migrations"[0m
Processing by CatsController#index as HTML
Completed 500 Internal Server Error in 16ms

ArgumentError - Direction "" is invalid. Valid directions are: [:asc, :desc, :ASC, :DESC, "asc", "desc", "ASC", "DESC"]:
  activerecord (4.2.0.rc1) lib/active_record/relation/query_methods.rb:1109:in `block (2 levels) in validate_order_args'
  activerecord (4.2.0.rc1) lib/active_record/relation/query_methods.rb:1108:in `block in validate_order_args'
  activerecord (4.2.0.rc1) lib/active_record/relation/query_methods.rb:1106:in `validate_order_args'
  activerecord (4.2.0.rc1) lib/active_record/relation/query_methods.rb:1117:in `preprocess_order_args'
  activerecord (4.2.0.rc1) lib/active_record/relation/query_methods.rb:323:in `order!'
  activerecord (4.2.0.rc1) lib/active_record/relation/query_methods.rb:319:in `order'
  app/controllers/cats_controller.rb:6:in `index'
  actionpack (4.2.0.rc1) lib/action_controller/metal/implicit_render.rb:4:in `send_action'
  actionpack (4.2.0.rc1) lib/abstract_controller/base.rb:198:in `process_action'
  actionpack (4.2.0.rc1) lib/action_controller/metal/rendering.rb:10:in `process_action'
  actionpack (4.2.0.rc1) lib/abstract_controller/callbacks.rb:20:in `block in process_action'
  activesupport (4.2.0.rc1) lib/active_support/callbacks.rb:117:in `call'
  activesupport (4.2.0.rc1) lib/active_support/callbacks.rb:234:in `block in halting'
  activesupport (4.2.0.rc1) lib/active_support/callbacks.rb:169:in `block in halting'
  activesupport (4.2.0.rc1) lib/active_support/callbacks.rb:169:in `block in halting'
  activesupport (4.2.0.rc1) lib/active_support/callbacks.rb:234:in `block in halting'
  activesupport (4.2.0.rc1) lib/active_support/callbacks.rb:92:in `_run_callbacks'
  activesupport (4.2.0.rc1) lib/active_support/callbacks.rb:734:in `_run_process_action_callbacks'
  activesupport (4.2.0.rc1) lib/active_support/callbacks.rb:81:in `run_callbacks'
  actionpack (4.2.0.rc1) lib/abstract_controller/callbacks.rb:19:in `process_action'
  actionpack (4.2.0.rc1) lib/action_controller/metal/rescue.rb:29:in `process_action'
  actionpack (4.2.0.rc1) lib/action_controller/metal/instrumentation.rb:31:in `block in process_action'
  activesupport (4.2.0.rc1) lib/active_support/notifications.rb:164:in `block in instrument'
  activesupport (4.2.0.rc1) lib/active_support/notifications/instrumenter.rb:20:in `instrument'
  activesupport (4.2.0.rc1) lib/active_support/notifications.rb:164:in `instrument'
  actionpack (4.2.0.rc1) lib/action_controller/metal/instrumentation.rb:30:in `process_action'
  actionpack (4.2.0.rc1) lib/action_controller/metal/params_wrapper.rb:250:in `process_action'
  activerecord (4.2.0.rc1) lib/active_record/railties/controller_runtime.rb:18:in `process_action'
  actionpack (4.2.0.rc1) lib/abstract_controller/base.rb:137:in `process'
  actionview (4.2.0.rc1) lib/action_view/rendering.rb:30:in `process'
  actionpack (4.2.0.rc1) lib/action_controller/metal.rb:195:in `dispatch'
  actionpack (4.2.0.rc1) lib/action_controller/metal/rack_delegation.rb:13:in `dispatch'
  actionpack (4.2.0.rc1) lib/action_controller/metal.rb:236:in `block in action'
  actionpack (4.2.0.rc1) lib/action_dispatch/routing/route_set.rb:73:in `dispatch'
  actionpack (4.2.0.rc1) lib/action_dispatch/routing/route_set.rb:42:in `serve'
  actionpack (4.2.0.rc1) lib/action_dispatch/journey/router.rb:43:in `block in serve'
  actionpack (4.2.0.rc1) lib/action_dispatch/journey/router.rb:30:in `serve'
  actionpack (4.2.0.rc1) lib/action_dispatch/routing/route_set.rb:800:in `call'
  rack (1.6.0) lib/rack/etag.rb:24:in `call'
  rack (1.6.0) lib/rack/conditionalget.rb:25:in `call'
  rack (1.6.0) lib/rack/head.rb:13:in `call'
  actionpack (4.2.0.rc1) lib/action_dispatch/middleware/params_parser.rb:27:in `call'
  actionpack (4.2.0.rc1) lib/action_dispatch/middleware/flash.rb:260:in `call'
  rack (1.6.0) lib/rack/session/abstract/id.rb:225:in `context'
  rack (1.6.0) lib/rack/session/abstract/id.rb:220:in `call'
  actionpack (4.2.0.rc1) lib/action_dispatch/middleware/cookies.rb:560:in `call'
  activerecord (4.2.0.rc1) lib/active_record/query_cache.rb:36:in `call'
  activerecord (4.2.0.rc1) lib/active_record/connection_adapters/abstract/connection_pool.rb:647:in `call'
  activerecord (4.2.0.rc1) lib/active_record/migration.rb:378:in `call'
  actionpack (4.2.0.rc1) lib/action_dispatch/middleware/callbacks.rb:29:in `block in call'
  activesupport (4.2.0.rc1) lib/active_support/callbacks.rb:88:in `_run_callbacks'
  activesupport (4.2.0.rc1) lib/active_support/callbacks.rb:734:in `_run_call_callbacks'
  activesupport (4.2.0.rc1) lib/active_support/callbacks.rb:81:in `run_callbacks'
  actionpack (4.2.0.rc1) lib/action_dispatch/middleware/callbacks.rb:27:in `call'
  actionpack (4.2.0.rc1) lib/action_dispatch/middleware/reloader.rb:73:in `call'
  actionpack (4.2.0.rc1) lib/action_dispatch/middleware/remote_ip.rb:78:in `call'
  better_errors (2.1.0) lib/better_errors/middleware.rb:84:in `protected_app_call'
  better_errors (2.1.0) lib/better_errors/middleware.rb:79:in `better_errors_call'
  better_errors (2.1.0) lib/better_errors/middleware.rb:57:in `call'
  web-console (2.0.0) lib/action_dispatch/debug_exceptions.rb:18:in `middleware_call'
  web-console (2.0.0) lib/action_dispatch/debug_exceptions.rb:13:in `call'
  actionpack (4.2.0.rc1) lib/action_dispatch/middleware/show_exceptions.rb:30:in `call'
  railties (4.2.0.rc1) lib/rails/rack/logger.rb:38:in `call_app'
  railties (4.2.0.rc1) lib/rails/rack/logger.rb:20:in `block in call'
  activesupport (4.2.0.rc1) lib/active_support/tagged_logging.rb:68:in `block in tagged'
  activesupport (4.2.0.rc1) lib/active_support/tagged_logging.rb:26:in `tagged'
  activesupport (4.2.0.rc1) lib/active_support/tagged_logging.rb:68:in `tagged'
  railties (4.2.0.rc1) lib/rails/rack/logger.rb:20:in `call'
  quiet_assets (1.1.0) lib/quiet_assets.rb:27:in `call_with_quiet_assets'
  actionpack (4.2.0.rc1) lib/action_dispatch/middleware/request_id.rb:21:in `call'
  rack (1.6.0) lib/rack/methodoverride.rb:22:in `call'
  rack (1.6.0) lib/rack/runtime.rb:18:in `call'
  activesupport (4.2.0.rc1) lib/active_support/cache/strategy/local_cache_middleware.rb:28:in `call'
  rack (1.6.0) lib/rack/lock.rb:17:in `call'
  actionpack (4.2.0.rc1) lib/action_dispatch/middleware/static.rb:113:in `call'
  rack (1.6.0) lib/rack/sendfile.rb:113:in `call'
  railties (4.2.0.rc1) lib/rails/engine.rb:518:in `call'
  railties (4.2.0.rc1) lib/rails/application.rb:164:in `call'
  rack (1.6.0) lib/rack/lock.rb:17:in `call'
  rack (1.6.0) lib/rack/content_length.rb:15:in `call'
  rack (1.6.0) lib/rack/handler/webrick.rb:89:in `service'
  /Users/lukelu/.rvm/rubies/ruby-2.1.5/lib/ruby/2.1.0/webrick/httpserver.rb:138:in `service'
  /Users/lukelu/.rvm/rubies/ruby-2.1.5/lib/ruby/2.1.0/webrick/httpserver.rb:94:in `run'
  /Users/lukelu/.rvm/rubies/ruby-2.1.5/lib/ruby/2.1.0/webrick/server.rb:295:in `block in start_thread'



Started POST "/__better_errors/250e43efe1eae880/variables" for ::1 at 2015-01-06 19:56:30 -0800


Started GET "/" for ::1 at 2015-01-06 19:57:04 -0800
Processing by CatsController#index as HTML
  [1m[35mCat Load (0.5ms)[0m  SELECT "cats".* FROM "cats"  ORDER BY "cats"."name" ASC
  Rendered cats/index.html.erb within layouts/application (4.3ms)
Completed 200 OK in 933ms (Views: 928.5ms | ActiveRecord: 0.7ms)


Started GET "/cats?order=asc&order_by=name" for ::1 at 2015-01-06 19:57:08 -0800
Processing by CatsController#index as HTML
  Parameters: {"order"=>"asc", "order_by"=>"name"}
  [1m[36mCat Load (0.2ms)[0m  [1mSELECT "cats".* FROM "cats"  ORDER BY "cats"."name" ASC[0m
  Rendered cats/index.html.erb within layouts/application (1.8ms)
Completed 200 OK in 30ms (Views: 28.6ms | ActiveRecord: 0.2ms)


Started GET "/cats?order=desc&order_by=name" for ::1 at 2015-01-06 19:57:09 -0800
Processing by CatsController#index as HTML
  Parameters: {"order"=>"desc", "order_by"=>"name"}
  [1m[35mCat Load (0.2ms)[0m  SELECT "cats".* FROM "cats"  ORDER BY "cats"."name" DESC
  Rendered cats/index.html.erb within layouts/application (1.2ms)
Completed 200 OK in 29ms (Views: 28.8ms | ActiveRecord: 0.2ms)


Started GET "/cats?order=asc&order_by=name" for ::1 at 2015-01-06 19:57:10 -0800
Processing by CatsController#index as HTML
  Parameters: {"order"=>"asc", "order_by"=>"name"}
  [1m[36mCat Load (0.1ms)[0m  [1mSELECT "cats".* FROM "cats"  ORDER BY "cats"."name" ASC[0m
  Rendered cats/index.html.erb within layouts/application (0.8ms)
Completed 200 OK in 31ms (Views: 30.6ms | ActiveRecord: 0.1ms)


Started GET "/cats?order=desc&order_by=name" for ::1 at 2015-01-06 19:57:10 -0800
Processing by CatsController#index as HTML
  Parameters: {"order"=>"desc", "order_by"=>"name"}
  [1m[35mCat Load (0.2ms)[0m  SELECT "cats".* FROM "cats"  ORDER BY "cats"."name" DESC
  Rendered cats/index.html.erb within layouts/application (0.8ms)
Completed 200 OK in 68ms (Views: 67.9ms | ActiveRecord: 0.2ms)


Started GET "/cats?order=asc&order_by=birth_date" for ::1 at 2015-01-06 19:57:12 -0800
Processing by CatsController#index as HTML
  Parameters: {"order"=>"asc", "order_by"=>"birth_date"}
  [1m[36mCat Load (0.1ms)[0m  [1mSELECT "cats".* FROM "cats"  ORDER BY "cats"."birth_date" ASC[0m
  Rendered cats/index.html.erb within layouts/application (0.7ms)
Completed 200 OK in 28ms (Views: 27.5ms | ActiveRecord: 0.1ms)


Started GET "/cats?order=desc&order_by=birth_date" for ::1 at 2015-01-06 19:57:12 -0800
Processing by CatsController#index as HTML
  Parameters: {"order"=>"desc", "order_by"=>"birth_date"}
  [1m[35mCat Load (0.4ms)[0m  SELECT "cats".* FROM "cats"  ORDER BY "cats"."birth_date" DESC
  Rendered cats/index.html.erb within layouts/application (1.4ms)
Completed 200 OK in 29ms (Views: 27.8ms | ActiveRecord: 0.4ms)


Started GET "/cats?order=asc&order_by=birth_date" for ::1 at 2015-01-06 19:57:13 -0800
Processing by CatsController#index as HTML
  Parameters: {"order"=>"asc", "order_by"=>"birth_date"}
  [1m[36mCat Load (0.5ms)[0m  [1mSELECT "cats".* FROM "cats"  ORDER BY "cats"."birth_date" ASC[0m
  Rendered cats/index.html.erb within layouts/application (1.5ms)
Completed 200 OK in 32ms (Views: 31.5ms | ActiveRecord: 0.5ms)


Started GET "/cats?order=desc&order_by=birth_date" for ::1 at 2015-01-06 19:57:13 -0800
Processing by CatsController#index as HTML
  Parameters: {"order"=>"desc", "order_by"=>"birth_date"}
  [1m[35mCat Load (0.3ms)[0m  SELECT "cats".* FROM "cats"  ORDER BY "cats"."birth_date" DESC
  Rendered cats/index.html.erb within layouts/application (1.5ms)
Completed 200 OK in 28ms (Views: 27.5ms | ActiveRecord: 0.3ms)


Started GET "/cats?order=asc&order_by=name" for ::1 at 2015-01-06 19:57:15 -0800
Processing by CatsController#index as HTML
  Parameters: {"order"=>"asc", "order_by"=>"name"}
  [1m[36mCat Load (0.2ms)[0m  [1mSELECT "cats".* FROM "cats"  ORDER BY "cats"."name" ASC[0m
  Rendered cats/index.html.erb within layouts/application (1.4ms)
Completed 200 OK in 80ms (Views: 79.5ms | ActiveRecord: 0.2ms)


Started GET "/cats?order=desc&order_by=birth_date" for ::1 at 2015-01-06 19:57:16 -0800
Processing by CatsController#index as HTML
  Parameters: {"order"=>"desc", "order_by"=>"birth_date"}
  [1m[35mCat Load (0.2ms)[0m  SELECT "cats".* FROM "cats"  ORDER BY "cats"."birth_date" DESC
  Rendered cats/index.html.erb within layouts/application (0.8ms)
Completed 200 OK in 34ms (Views: 33.6ms | ActiveRecord: 0.2ms)


Started GET "/cats?order=asc&order_by=birth_date" for ::1 at 2015-01-06 19:57:17 -0800
Processing by CatsController#index as HTML
  Parameters: {"order"=>"asc", "order_by"=>"birth_date"}
  [1m[36mCat Load (0.1ms)[0m  [1mSELECT "cats".* FROM "cats"  ORDER BY "cats"."birth_date" ASC[0m
  Rendered cats/index.html.erb within layouts/application (0.9ms)
Completed 200 OK in 34ms (Views: 33.0ms | ActiveRecord: 0.1ms)


Started GET "/cats?order=desc&order_by=birth_date" for ::1 at 2015-01-06 19:57:18 -0800
Processing by CatsController#index as HTML
  Parameters: {"order"=>"desc", "order_by"=>"birth_date"}
  [1m[35mCat Load (0.2ms)[0m  SELECT "cats".* FROM "cats"  ORDER BY "cats"."birth_date" DESC
  Rendered cats/index.html.erb within layouts/application (1.5ms)
Completed 200 OK in 34ms (Views: 33.6ms | ActiveRecord: 0.2ms)


Started GET "/cats?order=asc&order_by=birth_date" for ::1 at 2015-01-06 19:57:18 -0800
Processing by CatsController#index as HTML
  Parameters: {"order"=>"asc", "order_by"=>"birth_date"}
  [1m[36mCat Load (0.3ms)[0m  [1mSELECT "cats".* FROM "cats"  ORDER BY "cats"."birth_date" ASC[0m
  Rendered cats/index.html.erb within layouts/application (1.2ms)
Completed 200 OK in 31ms (Views: 30.2ms | ActiveRecord: 0.3ms)


Started GET "/cats?order=desc&order_by=birth_date" for ::1 at 2015-01-06 19:57:19 -0800
Processing by CatsController#index as HTML
  Parameters: {"order"=>"desc", "order_by"=>"birth_date"}
  [1m[35mCat Load (0.1ms)[0m  SELECT "cats".* FROM "cats"  ORDER BY "cats"."birth_date" DESC
  Rendered cats/index.html.erb within layouts/application (0.9ms)
Completed 200 OK in 46ms (Views: 44.6ms | ActiveRecord: 0.1ms)


Started GET "/cats?order=asc&order_by=birth_date" for ::1 at 2015-01-06 19:57:19 -0800
Processing by CatsController#index as HTML
  Parameters: {"order"=>"asc", "order_by"=>"birth_date"}
  [1m[36mCat Load (0.1ms)[0m  [1mSELECT "cats".* FROM "cats"  ORDER BY "cats"."birth_date" ASC[0m
  Rendered cats/index.html.erb within layouts/application (0.8ms)
Completed 200 OK in 33ms (Views: 32.2ms | ActiveRecord: 0.1ms)


Started GET "/cats?order=desc&order_by=birth_date" for ::1 at 2015-01-06 19:57:20 -0800
Processing by CatsController#index as HTML
  Parameters: {"order"=>"desc", "order_by"=>"birth_date"}
  [1m[35mCat Load (0.1ms)[0m  SELECT "cats".* FROM "cats"  ORDER BY "cats"."birth_date" DESC
  Rendered cats/index.html.erb within layouts/application (0.9ms)
Completed 200 OK in 35ms (Views: 34.5ms | ActiveRecord: 0.1ms)


Started GET "/cats?order=asc&order_by=name" for ::1 at 2015-01-06 19:57:21 -0800
Processing by CatsController#index as HTML
  Parameters: {"order"=>"asc", "order_by"=>"name"}
  [1m[36mCat Load (0.2ms)[0m  [1mSELECT "cats".* FROM "cats"  ORDER BY "cats"."name" ASC[0m
  Rendered cats/index.html.erb within layouts/application (1.1ms)
Completed 200 OK in 37ms (Views: 36.0ms | ActiveRecord: 0.2ms)


Started GET "/cats?order=desc&order_by=birth_date" for ::1 at 2015-01-06 19:57:22 -0800
Processing by CatsController#index as HTML
  Parameters: {"order"=>"desc", "order_by"=>"birth_date"}
  [1m[35mCat Load (0.1ms)[0m  SELECT "cats".* FROM "cats"  ORDER BY "cats"."birth_date" DESC
  Rendered cats/index.html.erb within layouts/application (0.9ms)
Completed 200 OK in 29ms (Views: 28.1ms | ActiveRecord: 0.1ms)


Started GET "/cats?order=asc&order_by=name" for ::1 at 2015-01-06 19:57:23 -0800
Processing by CatsController#index as HTML
  Parameters: {"order"=>"asc", "order_by"=>"name"}
  [1m[36mCat Load (0.3ms)[0m  [1mSELECT "cats".* FROM "cats"  ORDER BY "cats"."name" ASC[0m
  Rendered cats/index.html.erb within layouts/application (1.5ms)
Completed 200 OK in 42ms (Views: 41.6ms | ActiveRecord: 0.3ms)


Started GET "/cats?order=desc&order_by=birth_date" for ::1 at 2015-01-06 19:57:24 -0800
Processing by CatsController#index as HTML
  Parameters: {"order"=>"desc", "order_by"=>"birth_date"}
  [1m[35mCat Load (0.2ms)[0m  SELECT "cats".* FROM "cats"  ORDER BY "cats"."birth_date" DESC
  Rendered cats/index.html.erb within layouts/application (1.3ms)
Completed 200 OK in 38ms (Views: 37.1ms | ActiveRecord: 0.2ms)


Started GET "/cats?order=asc&order_by=birth_date" for ::1 at 2015-01-06 19:57:25 -0800
Processing by CatsController#index as HTML
  Parameters: {"order"=>"asc", "order_by"=>"birth_date"}
  [1m[36mCat Load (0.3ms)[0m  [1mSELECT "cats".* FROM "cats"  ORDER BY "cats"."birth_date" ASC[0m
  Rendered cats/index.html.erb within layouts/application (1.0ms)
Completed 200 OK in 34ms (Views: 33.8ms | ActiveRecord: 0.3ms)


Started GET "/cats?order=desc&order_by=birth_date" for ::1 at 2015-01-06 19:57:26 -0800
Processing by CatsController#index as HTML
  Parameters: {"order"=>"desc", "order_by"=>"birth_date"}
  [1m[35mCat Load (0.1ms)[0m  SELECT "cats".* FROM "cats"  ORDER BY "cats"."birth_date" DESC
  Rendered cats/index.html.erb within layouts/application (1.0ms)
Completed 200 OK in 36ms (Views: 34.3ms | ActiveRecord: 0.1ms)


Started GET "/cats?order=asc&order_by=birth_date" for ::1 at 2015-01-06 19:57:26 -0800
Processing by CatsController#index as HTML
  Parameters: {"order"=>"asc", "order_by"=>"birth_date"}
  [1m[36mCat Load (0.2ms)[0m  [1mSELECT "cats".* FROM "cats"  ORDER BY "cats"."birth_date" ASC[0m
  Rendered cats/index.html.erb within layouts/application (1.1ms)
Completed 200 OK in 32ms (Views: 30.9ms | ActiveRecord: 0.2ms)


Started GET "/cats?order=desc&order_by=name" for ::1 at 2015-01-06 19:57:27 -0800
Processing by CatsController#index as HTML
  Parameters: {"order"=>"desc", "order_by"=>"name"}
  [1m[35mCat Load (0.3ms)[0m  SELECT "cats".* FROM "cats"  ORDER BY "cats"."name" DESC
  Rendered cats/index.html.erb within layouts/application (1.3ms)
Completed 200 OK in 42ms (Views: 41.2ms | ActiveRecord: 0.3ms)


Started GET "/cats?order=asc&order_by=birth_date" for ::1 at 2015-01-06 19:57:28 -0800
Processing by CatsController#index as HTML
  Parameters: {"order"=>"asc", "order_by"=>"birth_date"}
  [1m[36mCat Load (0.2ms)[0m  [1mSELECT "cats".* FROM "cats"  ORDER BY "cats"."birth_date" ASC[0m
  Rendered cats/index.html.erb within layouts/application (0.9ms)
Completed 200 OK in 37ms (Views: 36.0ms | ActiveRecord: 0.2ms)


Started GET "/cats?order=desc&order_by=birth_date" for ::1 at 2015-01-06 19:57:28 -0800
Processing by CatsController#index as HTML
  Parameters: {"order"=>"desc", "order_by"=>"birth_date"}
  [1m[35mCat Load (0.2ms)[0m  SELECT "cats".* FROM "cats"  ORDER BY "cats"."birth_date" DESC
  Rendered cats/index.html.erb within layouts/application (0.9ms)
Completed 200 OK in 35ms (Views: 34.2ms | ActiveRecord: 0.2ms)


Started GET "/cats?order=asc&order_by=birth_date" for ::1 at 2015-01-06 19:57:29 -0800
Processing by CatsController#index as HTML
  Parameters: {"order"=>"asc", "order_by"=>"birth_date"}
  [1m[36mCat Load (0.2ms)[0m  [1mSELECT "cats".* FROM "cats"  ORDER BY "cats"."birth_date" ASC[0m
  Rendered cats/index.html.erb within layouts/application (0.9ms)
Completed 200 OK in 34ms (Views: 33.3ms | ActiveRecord: 0.2ms)


Started GET "/cats?order=desc&order_by=birth_date" for ::1 at 2015-01-06 19:57:29 -0800
Processing by CatsController#index as HTML
  Parameters: {"order"=>"desc", "order_by"=>"birth_date"}
  [1m[35mCat Load (0.1ms)[0m  SELECT "cats".* FROM "cats"  ORDER BY "cats"."birth_date" DESC
  Rendered cats/index.html.erb within layouts/application (0.8ms)
Completed 200 OK in 30ms (Views: 29.7ms | ActiveRecord: 0.1ms)


Started GET "/cats?order=desc&order_by=birth_date" for ::1 at 2015-01-06 19:57:55 -0800
Processing by CatsController#index as HTML
  Parameters: {"order"=>"desc", "order_by"=>"birth_date"}
  [1m[36mCat Load (0.3ms)[0m  [1mSELECT "cats".* FROM "cats"  ORDER BY "cats"."birth_date" DESC[0m
  Rendered cats/index.html.erb within layouts/application (2.0ms)
Completed 200 OK in 44ms (Views: 41.1ms | ActiveRecord: 0.4ms)


Started GET "/cats?order=asc&order_by=name" for ::1 at 2015-01-06 19:57:56 -0800
Processing by CatsController#index as HTML
  Parameters: {"order"=>"asc", "order_by"=>"name"}
  [1m[35mCat Load (0.1ms)[0m  SELECT "cats".* FROM "cats"  ORDER BY "cats"."name" ASC
  Rendered cats/index.html.erb within layouts/application (0.8ms)
Completed 200 OK in 36ms (Views: 35.1ms | ActiveRecord: 0.1ms)


Started GET "/cats?order=desc&order_by=birth_date" for ::1 at 2015-01-06 19:57:58 -0800
Processing by CatsController#index as HTML
  Parameters: {"order"=>"desc", "order_by"=>"birth_date"}
  [1m[36mCat Load (0.2ms)[0m  [1mSELECT "cats".* FROM "cats"  ORDER BY "cats"."birth_date" DESC[0m
  Rendered cats/index.html.erb within layouts/application (1.2ms)
Completed 200 OK in 34ms (Views: 33.7ms | ActiveRecord: 0.2ms)


Started GET "/cats?order=asc&order_by=birth_date" for ::1 at 2015-01-06 19:57:58 -0800
Processing by CatsController#index as HTML
  Parameters: {"order"=>"asc", "order_by"=>"birth_date"}
  [1m[35mCat Load (0.1ms)[0m  SELECT "cats".* FROM "cats"  ORDER BY "cats"."birth_date" ASC
  Rendered cats/index.html.erb within layouts/application (0.9ms)
Completed 200 OK in 33ms (Views: 32.8ms | ActiveRecord: 0.1ms)


Started GET "/cats?order=desc&order_by=birth_date" for ::1 at 2015-01-06 19:57:58 -0800
Processing by CatsController#index as HTML
  Parameters: {"order"=>"desc", "order_by"=>"birth_date"}
  [1m[36mCat Load (0.3ms)[0m  [1mSELECT "cats".* FROM "cats"  ORDER BY "cats"."birth_date" DESC[0m
  Rendered cats/index.html.erb within layouts/application (1.9ms)
Completed 200 OK in 32ms (Views: 31.6ms | ActiveRecord: 0.3ms)


Started GET "/cats?order=asc&order_by=birth_date" for ::1 at 2015-01-06 19:57:59 -0800
Processing by CatsController#index as HTML
  Parameters: {"order"=>"asc", "order_by"=>"birth_date"}
  [1m[35mCat Load (0.2ms)[0m  SELECT "cats".* FROM "cats"  ORDER BY "cats"."birth_date" ASC
  Rendered cats/index.html.erb within layouts/application (1.3ms)
Completed 200 OK in 33ms (Views: 32.5ms | ActiveRecord: 0.2ms)


Started GET "/cats?order=desc&order_by=birth_date" for ::1 at 2015-01-06 19:57:59 -0800
Processing by CatsController#index as HTML
  Parameters: {"order"=>"desc", "order_by"=>"birth_date"}
  [1m[36mCat Load (0.1ms)[0m  [1mSELECT "cats".* FROM "cats"  ORDER BY "cats"."birth_date" DESC[0m
  Rendered cats/index.html.erb within layouts/application (0.9ms)
Completed 200 OK in 32ms (Views: 31.5ms | ActiveRecord: 0.1ms)


Started GET "/cats?order=asc&order_by=birth_date" for ::1 at 2015-01-06 19:58:00 -0800
Processing by CatsController#index as HTML
  Parameters: {"order"=>"asc", "order_by"=>"birth_date"}
  [1m[35mCat Load (0.2ms)[0m  SELECT "cats".* FROM "cats"  ORDER BY "cats"."birth_date" ASC
  Rendered cats/index.html.erb within layouts/application (0.8ms)
Completed 200 OK in 35ms (Views: 34.2ms | ActiveRecord: 0.2ms)


Started GET "/cats?order=desc&order_by=name" for ::1 at 2015-01-06 19:58:39 -0800
Processing by CatsController#index as HTML
  Parameters: {"order"=>"desc", "order_by"=>"name"}
  [1m[36mCat Load (0.3ms)[0m  [1mSELECT "cats".* FROM "cats"  ORDER BY "cats"."name" DESC[0m
  Rendered cats/index.html.erb within layouts/application (1.8ms)
Completed 200 OK in 38ms (Views: 33.0ms | ActiveRecord: 0.4ms)


Started GET "/cats?order=asc&order_by=name" for ::1 at 2015-01-06 19:58:44 -0800
Processing by CatsController#index as HTML
  Parameters: {"order"=>"asc", "order_by"=>"name"}
  [1m[35mCat Load (0.1ms)[0m  SELECT "cats".* FROM "cats"  ORDER BY "cats"."name" ASC
  Rendered cats/index.html.erb within layouts/application (1.0ms)
Completed 200 OK in 37ms (Views: 36.0ms | ActiveRecord: 0.1ms)


Started GET "/cats?order=desc&order_by=birth_date" for ::1 at 2015-01-06 19:58:45 -0800
Processing by CatsController#index as HTML
  Parameters: {"order"=>"desc", "order_by"=>"birth_date"}
  [1m[36mCat Load (0.2ms)[0m  [1mSELECT "cats".* FROM "cats"  ORDER BY "cats"."birth_date" DESC[0m
  Rendered cats/index.html.erb within layouts/application (0.8ms)
Completed 200 OK in 34ms (Views: 33.8ms | ActiveRecord: 0.2ms)


Started GET "/cats?order=asc&order_by=name" for ::1 at 2015-01-06 19:58:46 -0800
Processing by CatsController#index as HTML
  Parameters: {"order"=>"asc", "order_by"=>"name"}
  [1m[35mCat Load (0.1ms)[0m  SELECT "cats".* FROM "cats"  ORDER BY "cats"."name" ASC
  Rendered cats/index.html.erb within layouts/application (0.8ms)
Completed 200 OK in 31ms (Views: 30.4ms | ActiveRecord: 0.1ms)


Started GET "/cats?order=desc&order_by=birth_date" for ::1 at 2015-01-06 19:58:47 -0800
Processing by CatsController#index as HTML
  Parameters: {"order"=>"desc", "order_by"=>"birth_date"}
  [1m[36mCat Load (0.1ms)[0m  [1mSELECT "cats".* FROM "cats"  ORDER BY "cats"."birth_date" DESC[0m
  Rendered cats/index.html.erb within layouts/application (0.8ms)
Completed 200 OK in 32ms (Views: 31.8ms | ActiveRecord: 0.1ms)


Started GET "/cats?order=asc&order_by=birth_date" for ::1 at 2015-01-06 19:58:48 -0800
Processing by CatsController#index as HTML
  Parameters: {"order"=>"asc", "order_by"=>"birth_date"}
  [1m[35mCat Load (0.2ms)[0m  SELECT "cats".* FROM "cats"  ORDER BY "cats"."birth_date" ASC
  Rendered cats/index.html.erb within layouts/application (1.6ms)
Completed 200 OK in 43ms (Views: 42.8ms | ActiveRecord: 0.2ms)


Started GET "/cats?order=desc&order_by=name" for ::1 at 2015-01-06 19:58:49 -0800
Processing by CatsController#index as HTML
  Parameters: {"order"=>"desc", "order_by"=>"name"}
  [1m[36mCat Load (0.2ms)[0m  [1mSELECT "cats".* FROM "cats"  ORDER BY "cats"."name" DESC[0m
  Rendered cats/index.html.erb within layouts/application (1.0ms)
Completed 200 OK in 32ms (Views: 31.5ms | ActiveRecord: 0.2ms)


Started GET "/cats?order=desc&order_by=name" for ::1 at 2015-01-06 19:59:55 -0800
Processing by CatsController#index as HTML
  Parameters: {"order"=>"desc", "order_by"=>"name"}
  [1m[35mCat Load (0.3ms)[0m  SELECT "cats".* FROM "cats"  ORDER BY "cats"."name" DESC
  Rendered cats/index.html.erb within layouts/application (3.5ms)
Completed 200 OK in 45ms (Views: 40.9ms | ActiveRecord: 0.5ms)


Started GET "/cats?order=asc&order_by=name" for ::1 at 2015-01-06 19:59:56 -0800
Processing by CatsController#index as HTML
  Parameters: {"order"=>"asc", "order_by"=>"name"}
  [1m[36mCat Load (0.2ms)[0m  [1mSELECT "cats".* FROM "cats"  ORDER BY "cats"."name" ASC[0m
  Rendered cats/index.html.erb within layouts/application (1.9ms)
Completed 200 OK in 38ms (Views: 37.1ms | ActiveRecord: 0.2ms)


Started GET "/cats?order=desc&order_by=name" for ::1 at 2015-01-06 19:59:57 -0800
Processing by CatsController#index as HTML
  Parameters: {"order"=>"desc", "order_by"=>"name"}
  [1m[35mCat Load (0.2ms)[0m  SELECT "cats".* FROM "cats"  ORDER BY "cats"."name" DESC
  Rendered cats/index.html.erb within layouts/application (0.9ms)
Completed 200 OK in 45ms (Views: 44.1ms | ActiveRecord: 0.2ms)


Started GET "/cats?order=asc&order_by=name" for ::1 at 2015-01-06 19:59:57 -0800
Processing by CatsController#index as HTML
  Parameters: {"order"=>"asc", "order_by"=>"name"}
  [1m[36mCat Load (0.2ms)[0m  [1mSELECT "cats".* FROM "cats"  ORDER BY "cats"."name" ASC[0m
  Rendered cats/index.html.erb within layouts/application (1.0ms)
Completed 200 OK in 36ms (Views: 35.3ms | ActiveRecord: 0.2ms)


Started GET "/cats?order=desc&order_by=birth_date" for ::1 at 2015-01-06 19:59:58 -0800
Processing by CatsController#index as HTML
  Parameters: {"order"=>"desc", "order_by"=>"birth_date"}
  [1m[35mCat Load (0.1ms)[0m  SELECT "cats".* FROM "cats"  ORDER BY "cats"."birth_date" DESC
  Rendered cats/index.html.erb within layouts/application (0.8ms)
Completed 200 OK in 37ms (Views: 36.8ms | ActiveRecord: 0.1ms)


Started GET "/cats?order=asc&order_by=birth_date" for ::1 at 2015-01-06 19:59:59 -0800
Processing by CatsController#index as HTML
  Parameters: {"order"=>"asc", "order_by"=>"birth_date"}
  [1m[36mCat Load (0.4ms)[0m  [1mSELECT "cats".* FROM "cats"  ORDER BY "cats"."birth_date" ASC[0m
  Rendered cats/index.html.erb within layouts/application (1.1ms)
Completed 200 OK in 37ms (Views: 36.1ms | ActiveRecord: 0.4ms)


Started GET "/cats?order=desc&order_by=birth_date" for ::1 at 2015-01-06 19:59:59 -0800
Processing by CatsController#index as HTML
  Parameters: {"order"=>"desc", "order_by"=>"birth_date"}
  [1m[35mCat Load (0.3ms)[0m  SELECT "cats".* FROM "cats"  ORDER BY "cats"."birth_date" DESC
  Rendered cats/index.html.erb within layouts/application (1.7ms)
Completed 200 OK in 42ms (Views: 41.7ms | ActiveRecord: 0.3ms)


Started GET "/cats?order=asc&order_by=birth_date" for ::1 at 2015-01-06 19:59:59 -0800
Processing by CatsController#index as HTML
  Parameters: {"order"=>"asc", "order_by"=>"birth_date"}
  [1m[36mCat Load (0.6ms)[0m  [1mSELECT "cats".* FROM "cats"  ORDER BY "cats"."birth_date" ASC[0m
  Rendered cats/index.html.erb within layouts/application (1.6ms)
Completed 200 OK in 36ms (Views: 35.1ms | ActiveRecord: 0.6ms)


Started GET "/cats?order=desc&order_by=birth_date" for ::1 at 2015-01-06 20:00:00 -0800
Processing by CatsController#index as HTML
  Parameters: {"order"=>"desc", "order_by"=>"birth_date"}
  [1m[35mCat Load (0.3ms)[0m  SELECT "cats".* FROM "cats"  ORDER BY "cats"."birth_date" DESC
  Rendered cats/index.html.erb within layouts/application (3.0ms)
Completed 200 OK in 51ms (Views: 50.3ms | ActiveRecord: 0.3ms)


Started GET "/cats?order=asc&order_by=birth_date" for ::1 at 2015-01-06 20:00:00 -0800
Processing by CatsController#index as HTML
  Parameters: {"order"=>"asc", "order_by"=>"birth_date"}
  [1m[36mCat Load (0.4ms)[0m  [1mSELECT "cats".* FROM "cats"  ORDER BY "cats"."birth_date" ASC[0m
  Rendered cats/index.html.erb within layouts/application (2.0ms)
Completed 200 OK in 77ms (Views: 75.9ms | ActiveRecord: 0.4ms)


Started GET "/cats?order=desc&order_by=name" for ::1 at 2015-01-06 20:00:01 -0800
Processing by CatsController#index as HTML
  Parameters: {"order"=>"desc", "order_by"=>"name"}
  [1m[35mCat Load (0.1ms)[0m  SELECT "cats".* FROM "cats"  ORDER BY "cats"."name" DESC
  Rendered cats/index.html.erb within layouts/application (0.9ms)
Completed 200 OK in 58ms (Views: 57.0ms | ActiveRecord: 0.1ms)


Started GET "/cats?order=asc&order_by=name" for ::1 at 2015-01-06 20:00:01 -0800
Processing by CatsController#index as HTML
  Parameters: {"order"=>"asc", "order_by"=>"name"}
  [1m[36mCat Load (0.2ms)[0m  [1mSELECT "cats".* FROM "cats"  ORDER BY "cats"."name" ASC[0m
  Rendered cats/index.html.erb within layouts/application (1.2ms)
Completed 200 OK in 53ms (Views: 52.2ms | ActiveRecord: 0.2ms)


Started GET "/cats?order=desc&order_by=name" for ::1 at 2015-01-06 20:00:02 -0800
Processing by CatsController#index as HTML
  Parameters: {"order"=>"desc", "order_by"=>"name"}
  [1m[35mCat Load (0.2ms)[0m  SELECT "cats".* FROM "cats"  ORDER BY "cats"."name" DESC
  Rendered cats/index.html.erb within layouts/application (0.8ms)
Completed 200 OK in 37ms (Views: 36.2ms | ActiveRecord: 0.2ms)


Started GET "/cats?order=asc&order_by=birth_date" for ::1 at 2015-01-06 20:00:03 -0800
Processing by CatsController#index as HTML
  Parameters: {"order"=>"asc", "order_by"=>"birth_date"}
  [1m[36mCat Load (0.2ms)[0m  [1mSELECT "cats".* FROM "cats"  ORDER BY "cats"."birth_date" ASC[0m
  Rendered cats/index.html.erb within layouts/application (1.0ms)
Completed 200 OK in 34ms (Views: 33.8ms | ActiveRecord: 0.2ms)


Started GET "/cats?order=desc&order_by=name" for ::1 at 2015-01-06 20:00:05 -0800
Processing by CatsController#index as HTML
  Parameters: {"order"=>"desc", "order_by"=>"name"}
  [1m[35mCat Load (0.2ms)[0m  SELECT "cats".* FROM "cats"  ORDER BY "cats"."name" DESC
  Rendered cats/index.html.erb within layouts/application (1.0ms)
Completed 200 OK in 43ms (Views: 42.8ms | ActiveRecord: 0.2ms)


Started GET "/cats?order=asc&order_by=birth_date" for ::1 at 2015-01-06 20:00:06 -0800
Processing by CatsController#index as HTML
  Parameters: {"order"=>"asc", "order_by"=>"birth_date"}
  [1m[36mCat Load (0.1ms)[0m  [1mSELECT "cats".* FROM "cats"  ORDER BY "cats"."birth_date" ASC[0m
  Rendered cats/index.html.erb within layouts/application (0.7ms)
Completed 200 OK in 37ms (Views: 36.6ms | ActiveRecord: 0.1ms)


Started GET "/cats?order=desc&order_by=name" for ::1 at 2015-01-06 20:00:07 -0800
Processing by CatsController#index as HTML
  Parameters: {"order"=>"desc", "order_by"=>"name"}
  [1m[35mCat Load (0.2ms)[0m  SELECT "cats".* FROM "cats"  ORDER BY "cats"."name" DESC
  Rendered cats/index.html.erb within layouts/application (1.1ms)
Completed 200 OK in 35ms (Views: 34.2ms | ActiveRecord: 0.2ms)


Started GET "/cats?order=asc&order_by=name" for ::1 at 2015-01-06 20:00:07 -0800
Processing by CatsController#index as HTML
  Parameters: {"order"=>"asc", "order_by"=>"name"}
  [1m[36mCat Load (0.2ms)[0m  [1mSELECT "cats".* FROM "cats"  ORDER BY "cats"."name" ASC[0m
  Rendered cats/index.html.erb within layouts/application (1.3ms)
Completed 200 OK in 36ms (Views: 35.1ms | ActiveRecord: 0.2ms)


Started GET "/cats?order=desc&order_by=birth_date" for ::1 at 2015-01-06 20:00:08 -0800
Processing by CatsController#index as HTML
  Parameters: {"order"=>"desc", "order_by"=>"birth_date"}
  [1m[35mCat Load (0.1ms)[0m  SELECT "cats".* FROM "cats"  ORDER BY "cats"."birth_date" DESC
  Rendered cats/index.html.erb within layouts/application (0.8ms)
Completed 200 OK in 43ms (Views: 42.6ms | ActiveRecord: 0.1ms)


Started GET "/cats" for ::1 at 2015-01-06 20:00:33 -0800
Processing by CatsController#index as HTML
  [1m[36mCat Load (0.1ms)[0m  [1mSELECT "cats".* FROM "cats"  ORDER BY "cats"."name" ASC[0m
  Rendered cats/index.html.erb within layouts/application (0.8ms)
Completed 200 OK in 35ms (Views: 34.0ms | ActiveRecord: 0.1ms)


Started GET "/cats?order=asc&order_by=name" for ::1 at 2015-01-06 20:00:35 -0800
Processing by CatsController#index as HTML
  Parameters: {"order"=>"asc", "order_by"=>"name"}
  [1m[35mCat Load (0.2ms)[0m  SELECT "cats".* FROM "cats"  ORDER BY "cats"."name" ASC
  Rendered cats/index.html.erb within layouts/application (0.7ms)
Completed 200 OK in 32ms (Views: 31.5ms | ActiveRecord: 0.2ms)


Started GET "/cats?order=desc&order_by=birth_date" for ::1 at 2015-01-06 20:00:37 -0800
Processing by CatsController#index as HTML
  Parameters: {"order"=>"desc", "order_by"=>"birth_date"}
  [1m[36mCat Load (0.2ms)[0m  [1mSELECT "cats".* FROM "cats"  ORDER BY "cats"."birth_date" DESC[0m
  Rendered cats/index.html.erb within layouts/application (1.6ms)
Completed 200 OK in 36ms (Views: 35.3ms | ActiveRecord: 0.2ms)
